<!DOCTYPE html PUBLIC "-//W3C//DTD XHTML 1.1//EN" "http://www.w3.org/TR/xhtml11/DTD/xhtml11.dtd">
<html xmlns="http://www.w3.org/1999/xhtml">
<head>
<meta http-equiv="content-type" content="text/html; charset=UTF-8"/>
<title>TestNG Report</title>
<style type="text/css">table {margin-bottom:10px;border-collapse:collapse;empty-cells:show}th,td {border:1px solid #009;padding:.25em .5em}th {vertical-align:bottom}td {vertical-align:top}table a {font-weight:bold}.stripe td {background-color: #E6EBF9}.num {text-align:right}.passedodd td {background-color: #3F3}.passedeven td {background-color: #0A0}.skippedodd td {background-color: #DDD}.skippedeven td {background-color: #CCC}.failedodd td,.attn {background-color: #F33}.failedeven td,.stripe .attn {background-color: #D00}.stacktrace {white-space:pre;font-family:monospace}.totop {font-size:85%;text-align:center;border-bottom:2px solid #000}.invisible {display:none}</style>
</head>
<body>
<table>
<tr><th>Test</th><th># Passed</th><th># Skipped</th><th># Failed</th><th>Time (ms)</th><th>Included Groups</th><th>Excluded Groups</th></tr>
<tr><th colspan="7">eBay DDU Smoke Test Suite</th></tr>
<tr><td><a href="#t0">eBaySellerSignUP Test</a></td><td class="num">0</td><td class="num attn">1</td><td class="num">0</td><td class="num">125</td><td></td><td></td></tr>
<tr class="stripe"><td><a href="#t1">Registration Test</a></td><td class="num">0</td><td class="num attn">1</td><td class="num">0</td><td class="num">19</td><td></td><td></td></tr>
<tr><td><a href="#t2">SellerManagerSignUP Test</a></td><td class="num">0</td><td class="num attn">1</td><td class="num">0</td><td class="num">30</td><td></td><td></td></tr>
<tr><th>Total</th><th class="num">0</th><th class="num attn">3</th><th class="num">0</th><th class="num">174</th><th colspan="2"></th></tr>
</table>
<table id='summary'><thead><tr><th>Class</th><th>Method</th><th>Start</th><th>Time (ms)</th></tr></thead><tbody><tr><th colspan="4">eBay DDU Smoke Test Suite</th></tr></tbody><tbody id="t0"><tr><th colspan="4">eBaySellerSignUP Test &#8212; failed (configuration methods)</th></tr><tr class="failedeven"><td rowspan="1">com.eBayDDU.SmokeTest.Ebay_SellerSignUp_Test</td><td><a href="#m0">setup</a></td><td rowspan="1">1526456335082</td><td rowspan="1">62</td></tr><tr><th colspan="4">eBaySellerSignUP Test &#8212; skipped (configuration methods)</th></tr><tr class="skippedeven"><td rowspan="1">com.eBayDDU.SmokeTest.Ebay_SellerSignUp_Test</td><td><a href="#m1">quitDriver</a></td><td rowspan="1">1526456335191</td><td rowspan="1">0</td></tr><tr><th colspan="4">eBaySellerSignUP Test &#8212; skipped</th></tr><tr class="skippedeven"><td rowspan="1">com.eBayDDU.SmokeTest.Ebay_SellerSignUp_Test</td><td><a href="#m2">eBaySellerSignUP</a></td><td rowspan="1">1526456335191</td><td rowspan="1">0</td></tr></tbody>
<tbody id="t1"><tr><th colspan="4">Registration Test &#8212; failed (configuration methods)</th></tr><tr class="failedeven"><td rowspan="1">com.eBayDDU.SmokeTest.Registration_Test</td><td><a href="#m3">setup</a></td><td rowspan="1">1526456335432</td><td rowspan="1">2</td></tr><tr><th colspan="4">Registration Test &#8212; skipped (configuration methods)</th></tr><tr class="skippedeven"><td rowspan="1">com.eBayDDU.SmokeTest.Registration_Test</td><td><a href="#m4">quitDriver</a></td><td rowspan="1">1526456335450</td><td rowspan="1">0</td></tr><tr><th colspan="4">Registration Test &#8212; skipped</th></tr><tr class="skippedeven"><td rowspan="1">com.eBayDDU.SmokeTest.Registration_Test</td><td><a href="#m5">Registration</a></td><td rowspan="1">1526456335450</td><td rowspan="1">0</td></tr></tbody>
<tbody id="t2"><tr><th colspan="4">SellerManagerSignUP Test &#8212; failed (configuration methods)</th></tr><tr class="failedeven"><td rowspan="1">com.eBayDDU.SmokeTest.FirstTime_SignIn_Test</td><td><a href="#m6">setup</a></td><td rowspan="1">1526456335481</td><td rowspan="1">17</td></tr><tr><th colspan="4">SellerManagerSignUP Test &#8212; skipped (configuration methods)</th></tr><tr class="skippedeven"><td rowspan="1">com.eBayDDU.SmokeTest.FirstTime_SignIn_Test</td><td><a href="#m7">quitDriver</a></td><td rowspan="1">1526456335511</td><td rowspan="1">0</td></tr><tr><th colspan="4">SellerManagerSignUP Test &#8212; skipped</th></tr><tr class="skippedeven"><td rowspan="1">com.eBayDDU.SmokeTest.FirstTime_SignIn_Test</td><td><a href="#m8">TestSignUp</a></td><td rowspan="1">1526456335507</td><td rowspan="1">0</td></tr></tbody>
</table>
<h2>eBaySellerSignUP Test</h2><h3 id="m0">com.eBayDDU.SmokeTest.Ebay_SellerSignUp_Test#setup</h3><table class="result"><tr class="param"><th>Parameter #1</th></tr><tr class="param stripe"><td>org.testng.TestRunner@691a7f8f</td></tr><tr><th>Exception</th></tr><tr><td><div class="stacktrace">java.lang.IllegalStateException: The driver executable does not exist: C:\Users\vi016ra\git\eBayDDUAutomation\file:\C:\Users\vi016ra\git\eBayDDUAutomation\target\classes\drivers\chromedriver.exe
	at com.google.common.base.Preconditions.checkState(Preconditions.java:585)
	at org.openqa.selenium.remote.service.DriverService.checkExecutable(DriverService.java:136)
	at org.openqa.selenium.remote.service.DriverService.findExecutable(DriverService.java:131)
	at org.openqa.selenium.chrome.ChromeDriverService.access$000(ChromeDriverService.java:32)
	at org.openqa.selenium.chrome.ChromeDriverService$Builder.findDefaultExecutable(ChromeDriverService.java:137)
	at org.openqa.selenium.remote.service.DriverService$Builder.build(DriverService.java:339)
	at org.openqa.selenium.chrome.ChromeDriverService.createDefaultService(ChromeDriverService.java:88)
	at org.openqa.selenium.chrome.ChromeDriver.&lt;init&gt;(ChromeDriver.java:123)
	at com.eBay.Base.BaseTest.setup(BaseTest.java:37)
... Removed 24 stack frames</div></td></tr></table><p class="totop"><a href="#summary">back to summary</a></p>
<h3 id="m1">com.eBayDDU.SmokeTest.Ebay_SellerSignUp_Test#quitDriver</h3><table class="result"><tr><th class="invisible"/></tr></table><p class="totop"><a href="#summary">back to summary</a></p>
<h3 id="m2">com.eBayDDU.SmokeTest.Ebay_SellerSignUp_Test#eBaySellerSignUP</h3><table class="result"><tr><th>Exception</th></tr><tr><td><div class="stacktrace">java.lang.IllegalStateException: The driver executable does not exist: C:\Users\vi016ra\git\eBayDDUAutomation\file:\C:\Users\vi016ra\git\eBayDDUAutomation\target\classes\drivers\chromedriver.exe
	at com.google.common.base.Preconditions.checkState(Preconditions.java:585)
	at org.openqa.selenium.remote.service.DriverService.checkExecutable(DriverService.java:136)
	at org.openqa.selenium.remote.service.DriverService.findExecutable(DriverService.java:131)
	at org.openqa.selenium.chrome.ChromeDriverService.access$000(ChromeDriverService.java:32)
	at org.openqa.selenium.chrome.ChromeDriverService$Builder.findDefaultExecutable(ChromeDriverService.java:137)
	at org.openqa.selenium.remote.service.DriverService$Builder.build(DriverService.java:339)
	at org.openqa.selenium.chrome.ChromeDriverService.createDefaultService(ChromeDriverService.java:88)
	at org.openqa.selenium.chrome.ChromeDriver.&lt;init&gt;(ChromeDriver.java:123)
	at com.eBay.Base.BaseTest.setup(BaseTest.java:37)
... Removed 24 stack frames</div></td></tr></table><p class="totop"><a href="#summary">back to summary</a></p>
<h2>Registration Test</h2><h3 id="m3">com.eBayDDU.SmokeTest.Registration_Test#setup</h3><table class="result"><tr class="param"><th>Parameter #1</th></tr><tr class="param stripe"><td>org.testng.TestRunner@f8c1ddd</td></tr><tr><th>Exception</th></tr><tr><td><div class="stacktrace">java.lang.IllegalStateException: The driver executable does not exist: C:\Users\vi016ra\git\eBayDDUAutomation\file:\C:\Users\vi016ra\git\eBayDDUAutomation\target\classes\drivers\chromedriver.exe
	at com.google.common.base.Preconditions.checkState(Preconditions.java:585)
	at org.openqa.selenium.remote.service.DriverService.checkExecutable(DriverService.java:136)
	at org.openqa.selenium.remote.service.DriverService.findExecutable(DriverService.java:131)
	at org.openqa.selenium.chrome.ChromeDriverService.access$000(ChromeDriverService.java:32)
	at org.openqa.selenium.chrome.ChromeDriverService$Builder.findDefaultExecutable(ChromeDriverService.java:137)
	at org.openqa.selenium.remote.service.DriverService$Builder.build(DriverService.java:339)
	at org.openqa.selenium.chrome.ChromeDriverService.createDefaultService(ChromeDriverService.java:88)
	at org.openqa.selenium.chrome.ChromeDriver.&lt;init&gt;(ChromeDriver.java:123)
	at com.eBay.Base.BaseTest.setup(BaseTest.java:37)
... Removed 24 stack frames</div></td></tr></table><p class="totop"><a href="#summary">back to summary</a></p>
<h3 id="m4">com.eBayDDU.SmokeTest.Registration_Test#quitDriver</h3><table class="result"><tr><th class="invisible"/></tr></table><p class="totop"><a href="#summary">back to summary</a></p>
<h3 id="m5">com.eBayDDU.SmokeTest.Registration_Test#Registration</h3><table class="result"><tr><th>Exception</th></tr><tr><td><div class="stacktrace">java.lang.IllegalStateException: The driver executable does not exist: C:\Users\vi016ra\git\eBayDDUAutomation\file:\C:\Users\vi016ra\git\eBayDDUAutomation\target\classes\drivers\chromedriver.exe
	at com.google.common.base.Preconditions.checkState(Preconditions.java:585)
	at org.openqa.selenium.remote.service.DriverService.checkExecutable(DriverService.java:136)
	at org.openqa.selenium.remote.service.DriverService.findExecutable(DriverService.java:131)
	at org.openqa.selenium.chrome.ChromeDriverService.access$000(ChromeDriverService.java:32)
	at org.openqa.selenium.chrome.ChromeDriverService$Builder.findDefaultExecutable(ChromeDriverService.java:137)
	at org.openqa.selenium.remote.service.DriverService$Builder.build(DriverService.java:339)
	at org.openqa.selenium.chrome.ChromeDriverService.createDefaultService(ChromeDriverService.java:88)
	at org.openqa.selenium.chrome.ChromeDriver.&lt;init&gt;(ChromeDriver.java:123)
	at com.eBay.Base.BaseTest.setup(BaseTest.java:37)
... Removed 24 stack frames</div></td></tr></table><p class="totop"><a href="#summary">back to summary</a></p>
<h2>SellerManagerSignUP Test</h2><h3 id="m6">com.eBayDDU.SmokeTest.FirstTime_SignIn_Test#setup</h3><table class="result"><tr class="param"><th>Parameter #1</th></tr><tr class="param stripe"><td>org.testng.TestRunner@1e730495</td></tr><tr><th>Exception</th></tr><tr><td><div class="stacktrace">java.lang.IllegalStateException: The driver executable does not exist: C:\Users\vi016ra\git\eBayDDUAutomation\file:\C:\Users\vi016ra\git\eBayDDUAutomation\target\classes\drivers\chromedriver.exe
	at com.google.common.base.Preconditions.checkState(Preconditions.java:585)
	at org.openqa.selenium.remote.service.DriverService.checkExecutable(DriverService.java:136)
	at org.openqa.selenium.remote.service.DriverService.findExecutable(DriverService.java:131)
	at org.openqa.selenium.chrome.ChromeDriverService.access$000(ChromeDriverService.java:32)
	at org.openqa.selenium.chrome.ChromeDriverService$Builder.findDefaultExecutable(ChromeDriverService.java:137)
	at org.openqa.selenium.remote.service.DriverService$Builder.build(DriverService.java:339)
	at org.openqa.selenium.chrome.ChromeDriverService.createDefaultService(ChromeDriverService.java:88)
	at org.openqa.selenium.chrome.ChromeDriver.&lt;init&gt;(ChromeDriver.java:123)
	at com.eBay.Base.BaseTest.setup(BaseTest.java:37)
... Removed 24 stack frames</div></td></tr></table><p class="totop"><a href="#summary">back to summary</a></p>
<h3 id="m7">com.eBayDDU.SmokeTest.FirstTime_SignIn_Test#quitDriver</h3><table class="result"><tr><th class="invisible"/></tr></table><p class="totop"><a href="#summary">back to summary</a></p>
<h3 id="m8">com.eBayDDU.SmokeTest.FirstTime_SignIn_Test#TestSignUp</h3><table class="result"><tr><th>Exception</th></tr><tr><td><div class="stacktrace">java.lang.IllegalStateException: The driver executable does not exist: C:\Users\vi016ra\git\eBayDDUAutomation\file:\C:\Users\vi016ra\git\eBayDDUAutomation\target\classes\drivers\chromedriver.exe
	at com.google.common.base.Preconditions.checkState(Preconditions.java:585)
	at org.openqa.selenium.remote.service.DriverService.checkExecutable(DriverService.java:136)
	at org.openqa.selenium.remote.service.DriverService.findExecutable(DriverService.java:131)
	at org.openqa.selenium.chrome.ChromeDriverService.access$000(ChromeDriverService.java:32)
	at org.openqa.selenium.chrome.ChromeDriverService$Builder.findDefaultExecutable(ChromeDriverService.java:137)
	at org.openqa.selenium.remote.service.DriverService$Builder.build(DriverService.java:339)
	at org.openqa.selenium.chrome.ChromeDriverService.createDefaultService(ChromeDriverService.java:88)
	at org.openqa.selenium.chrome.ChromeDriver.&lt;init&gt;(ChromeDriver.java:123)
	at com.eBay.Base.BaseTest.setup(BaseTest.java:37)
... Removed 24 stack frames</div></td></tr></table><p class="totop"><a href="#summary">back to summary</a></p>
</body>
</html>
