<?xml version="1.0" encoding="UTF-8"?>
<testng-results skipped="0" failed="3" ignored="0" total="3" passed="0">
  <reporter-output>
  </reporter-output>
  <suite name="eBay DDU Smoke Test Suite" duration-ms="128397" started-at="2018-05-16T07:26:00Z" finished-at="2018-05-16T07:28:09Z">
    <groups>
    </groups>
    <test name="eBaySellerSignUP Test" duration-ms="45177" started-at="2018-05-16T07:26:00Z" finished-at="2018-05-16T07:26:46Z">
      <class name="com.eBayDDU.SmokeTest.Ebay_SellerSignUp_Test">
        <test-method status="PASS" signature="setup(org.testng.ITestContext)[pri:0, instance:com.eBayDDU.SmokeTest.Ebay_SellerSignUp_Test@5bc79255]" name="setup" is-config="true" duration-ms="4755" started-at="2018-05-16T07:26:00Z" finished-at="2018-05-16T07:26:05Z">
          <params>
            <param index="0">
              <value>
                <![CDATA[org.testng.TestRunner@56102e1c]]>
              </value>
            </param>
          </params>
          <reporter-output>
          </reporter-output>
        </test-method> <!-- setup -->
        <test-method status="FAIL" signature="eBaySellerSignUP()[pri:0, instance:com.eBayDDU.SmokeTest.Ebay_SellerSignUp_Test@5bc79255]" name="eBaySellerSignUP" duration-ms="40398" started-at="2018-05-16T07:26:05Z" finished-at="2018-05-16T07:26:46Z">
          <exception class="java.lang.AssertionError">
            <message>
              <![CDATA[Not able to find the element in Time]]>
            </message>
            <full-stacktrace>
              <![CDATA[java.lang.AssertionError: Not able to find the element in Time
at org.testng.Assert.fail(Assert.java:96)
at com.eBay.Base.BasePage.waitForVisibilityOfElement(BasePage.java:35)
at com.eBay.Page.EbayDeveloperSignIn.SignInWithDeveloper(EbayDeveloperSignIn.java:53)
at com.eBayDDU.SmokeTest.Ebay_SellerSignUp_Test.eBaySellerSignUP(Ebay_SellerSignUp_Test.java:16)
at sun.reflect.NativeMethodAccessorImpl.invoke0(Native Method)
at sun.reflect.NativeMethodAccessorImpl.invoke(NativeMethodAccessorImpl.java:62)
at sun.reflect.DelegatingMethodAccessorImpl.invoke(DelegatingMethodAccessorImpl.java:43)
at java.lang.reflect.Method.invoke(Method.java:498)
at org.testng.internal.MethodInvocationHelper.invokeMethod(MethodInvocationHelper.java:124)
at org.testng.internal.Invoker.invokeMethod(Invoker.java:580)
at org.testng.internal.Invoker.invokeTestMethod(Invoker.java:716)
at org.testng.internal.Invoker.invokeTestMethods(Invoker.java:988)
at org.testng.internal.TestMethodWorker.invokeTestMethods(TestMethodWorker.java:125)
at org.testng.internal.TestMethodWorker.run(TestMethodWorker.java:109)
at org.testng.TestRunner.privateRun(TestRunner.java:648)
at org.testng.TestRunner.run(TestRunner.java:505)
at org.testng.SuiteRunner.runTest(SuiteRunner.java:455)
at org.testng.SuiteRunner.runSequentially(SuiteRunner.java:450)
at org.testng.SuiteRunner.privateRun(SuiteRunner.java:415)
at org.testng.SuiteRunner.run(SuiteRunner.java:364)
at org.testng.SuiteRunnerWorker.runSuite(SuiteRunnerWorker.java:52)
at org.testng.SuiteRunnerWorker.run(SuiteRunnerWorker.java:84)
at org.testng.TestNG.runSuitesSequentially(TestNG.java:1208)
at org.testng.TestNG.runSuitesLocally(TestNG.java:1137)
at org.testng.TestNG.runSuites(TestNG.java:1049)
at org.testng.TestNG.run(TestNG.java:1017)
at org.apache.maven.surefire.testng.TestNGExecutor.run(TestNGExecutor.java:295)
at org.apache.maven.surefire.testng.TestNGXmlTestSuite.execute(TestNGXmlTestSuite.java:84)
at org.apache.maven.surefire.testng.TestNGProvider.invoke(TestNGProvider.java:90)
at org.apache.maven.surefire.booter.ForkedBooter.invokeProviderInSameClassLoader(ForkedBooter.java:203)
at org.apache.maven.surefire.booter.ForkedBooter.runSuitesInProcess(ForkedBooter.java:155)
at org.apache.maven.surefire.booter.ForkedBooter.main(ForkedBooter.java:103)
]]>
            </full-stacktrace>
          </exception> <!-- java.lang.AssertionError -->
          <reporter-output>
          </reporter-output>
        </test-method> <!-- eBaySellerSignUP -->
        <test-method status="PASS" signature="quitDriver()[pri:0, instance:com.eBayDDU.SmokeTest.Ebay_SellerSignUp_Test@5bc79255]" name="quitDriver" is-config="true" duration-ms="24" started-at="2018-05-16T07:26:46Z" finished-at="2018-05-16T07:26:46Z">
          <reporter-output>
          </reporter-output>
        </test-method> <!-- quitDriver -->
      </class> <!-- com.eBayDDU.SmokeTest.Ebay_SellerSignUp_Test -->
    </test> <!-- eBaySellerSignUP Test -->
    <test name="Registration Test" duration-ms="41728" started-at="2018-05-16T07:26:46Z" finished-at="2018-05-16T07:27:27Z">
      <class name="com.eBayDDU.SmokeTest.Registration_Test">
        <test-method status="PASS" signature="setup(org.testng.ITestContext)[pri:0, instance:com.eBayDDU.SmokeTest.Registration_Test@68bbe345]" name="setup" is-config="true" duration-ms="1619" started-at="2018-05-16T07:26:46Z" finished-at="2018-05-16T07:26:47Z">
          <params>
            <param index="0">
              <value>
                <![CDATA[org.testng.TestRunner@532721fd]]>
              </value>
            </param>
          </params>
          <reporter-output>
          </reporter-output>
        </test-method> <!-- setup -->
        <test-method status="FAIL" signature="Registration()[pri:0, instance:com.eBayDDU.SmokeTest.Registration_Test@68bbe345]" name="Registration" duration-ms="40106" started-at="2018-05-16T07:26:47Z" finished-at="2018-05-16T07:27:27Z">
          <exception class="java.lang.AssertionError">
            <message>
              <![CDATA[Not able to find the element in Time]]>
            </message>
            <full-stacktrace>
              <![CDATA[java.lang.AssertionError: Not able to find the element in Time
at org.testng.Assert.fail(Assert.java:96)
at com.eBay.Base.BasePage.waitForVisibilityOfElement(BasePage.java:35)
at com.eBay.Page.SignInPage.<init>(SignInPage.java:18)
at com.eBayDDU.SmokeTest.Registration_Test.Registration(Registration_Test.java:14)
at sun.reflect.NativeMethodAccessorImpl.invoke0(Native Method)
at sun.reflect.NativeMethodAccessorImpl.invoke(NativeMethodAccessorImpl.java:62)
at sun.reflect.DelegatingMethodAccessorImpl.invoke(DelegatingMethodAccessorImpl.java:43)
at java.lang.reflect.Method.invoke(Method.java:498)
at org.testng.internal.MethodInvocationHelper.invokeMethod(MethodInvocationHelper.java:124)
at org.testng.internal.Invoker.invokeMethod(Invoker.java:580)
at org.testng.internal.Invoker.invokeTestMethod(Invoker.java:716)
at org.testng.internal.Invoker.invokeTestMethods(Invoker.java:988)
at org.testng.internal.TestMethodWorker.invokeTestMethods(TestMethodWorker.java:125)
at org.testng.internal.TestMethodWorker.run(TestMethodWorker.java:109)
at org.testng.TestRunner.privateRun(TestRunner.java:648)
at org.testng.TestRunner.run(TestRunner.java:505)
at org.testng.SuiteRunner.runTest(SuiteRunner.java:455)
at org.testng.SuiteRunner.runSequentially(SuiteRunner.java:450)
at org.testng.SuiteRunner.privateRun(SuiteRunner.java:415)
at org.testng.SuiteRunner.run(SuiteRunner.java:364)
at org.testng.SuiteRunnerWorker.runSuite(SuiteRunnerWorker.java:52)
at org.testng.SuiteRunnerWorker.run(SuiteRunnerWorker.java:84)
at org.testng.TestNG.runSuitesSequentially(TestNG.java:1208)
at org.testng.TestNG.runSuitesLocally(TestNG.java:1137)
at org.testng.TestNG.runSuites(TestNG.java:1049)
at org.testng.TestNG.run(TestNG.java:1017)
at org.apache.maven.surefire.testng.TestNGExecutor.run(TestNGExecutor.java:295)
at org.apache.maven.surefire.testng.TestNGXmlTestSuite.execute(TestNGXmlTestSuite.java:84)
at org.apache.maven.surefire.testng.TestNGProvider.invoke(TestNGProvider.java:90)
at org.apache.maven.surefire.booter.ForkedBooter.invokeProviderInSameClassLoader(ForkedBooter.java:203)
at org.apache.maven.surefire.booter.ForkedBooter.runSuitesInProcess(ForkedBooter.java:155)
at org.apache.maven.surefire.booter.ForkedBooter.main(ForkedBooter.java:103)
]]>
            </full-stacktrace>
          </exception> <!-- java.lang.AssertionError -->
          <reporter-output>
          </reporter-output>
        </test-method> <!-- Registration -->
        <test-method status="PASS" signature="quitDriver()[pri:0, instance:com.eBayDDU.SmokeTest.Registration_Test@68bbe345]" name="quitDriver" is-config="true" duration-ms="3" started-at="2018-05-16T07:27:27Z" finished-at="2018-05-16T07:27:27Z">
          <reporter-output>
          </reporter-output>
        </test-method> <!-- quitDriver -->
      </class> <!-- com.eBayDDU.SmokeTest.Registration_Test -->
    </test> <!-- Registration Test -->
    <test name="SellerManagerSignUP Test" duration-ms="41461" started-at="2018-05-16T07:27:27Z" finished-at="2018-05-16T07:28:09Z">
      <class name="com.eBayDDU.SmokeTest.FirstTime_SignIn_Test">
        <test-method status="PASS" signature="setup(org.testng.ITestContext)[pri:0, instance:com.eBayDDU.SmokeTest.FirstTime_SignIn_Test@6c49835d]" name="setup" is-config="true" duration-ms="1411" started-at="2018-05-16T07:27:27Z" finished-at="2018-05-16T07:27:29Z">
          <params>
            <param index="0">
              <value>
                <![CDATA[org.testng.TestRunner@410954b]]>
              </value>
            </param>
          </params>
          <reporter-output>
          </reporter-output>
        </test-method> <!-- setup -->
        <test-method status="FAIL" signature="TestSignUp()[pri:0, instance:com.eBayDDU.SmokeTest.FirstTime_SignIn_Test@6c49835d]" name="TestSignUp" duration-ms="40050" started-at="2018-05-16T07:27:29Z" finished-at="2018-05-16T07:28:09Z">
          <exception class="java.lang.AssertionError">
            <message>
              <![CDATA[Not able to find the element in Time]]>
            </message>
            <full-stacktrace>
              <![CDATA[java.lang.AssertionError: Not able to find the element in Time
at org.testng.Assert.fail(Assert.java:96)
at com.eBay.Base.BasePage.waitForVisibilityOfElement(BasePage.java:35)
at com.eBay.Page.SignInPage.<init>(SignInPage.java:18)
at com.eBayDDU.SmokeTest.FirstTime_SignIn_Test.TestSignUp(FirstTime_SignIn_Test.java:16)
at sun.reflect.NativeMethodAccessorImpl.invoke0(Native Method)
at sun.reflect.NativeMethodAccessorImpl.invoke(NativeMethodAccessorImpl.java:62)
at sun.reflect.DelegatingMethodAccessorImpl.invoke(DelegatingMethodAccessorImpl.java:43)
at java.lang.reflect.Method.invoke(Method.java:498)
at org.testng.internal.MethodInvocationHelper.invokeMethod(MethodInvocationHelper.java:124)
at org.testng.internal.Invoker.invokeMethod(Invoker.java:580)
at org.testng.internal.Invoker.invokeTestMethod(Invoker.java:716)
at org.testng.internal.Invoker.invokeTestMethods(Invoker.java:988)
at org.testng.internal.TestMethodWorker.invokeTestMethods(TestMethodWorker.java:125)
at org.testng.internal.TestMethodWorker.run(TestMethodWorker.java:109)
at org.testng.TestRunner.privateRun(TestRunner.java:648)
at org.testng.TestRunner.run(TestRunner.java:505)
at org.testng.SuiteRunner.runTest(SuiteRunner.java:455)
at org.testng.SuiteRunner.runSequentially(SuiteRunner.java:450)
at org.testng.SuiteRunner.privateRun(SuiteRunner.java:415)
at org.testng.SuiteRunner.run(SuiteRunner.java:364)
at org.testng.SuiteRunnerWorker.runSuite(SuiteRunnerWorker.java:52)
at org.testng.SuiteRunnerWorker.run(SuiteRunnerWorker.java:84)
at org.testng.TestNG.runSuitesSequentially(TestNG.java:1208)
at org.testng.TestNG.runSuitesLocally(TestNG.java:1137)
at org.testng.TestNG.runSuites(TestNG.java:1049)
at org.testng.TestNG.run(TestNG.java:1017)
at org.apache.maven.surefire.testng.TestNGExecutor.run(TestNGExecutor.java:295)
at org.apache.maven.surefire.testng.TestNGXmlTestSuite.execute(TestNGXmlTestSuite.java:84)
at org.apache.maven.surefire.testng.TestNGProvider.invoke(TestNGProvider.java:90)
at org.apache.maven.surefire.booter.ForkedBooter.invokeProviderInSameClassLoader(ForkedBooter.java:203)
at org.apache.maven.surefire.booter.ForkedBooter.runSuitesInProcess(ForkedBooter.java:155)
at org.apache.maven.surefire.booter.ForkedBooter.main(ForkedBooter.java:103)
]]>
            </full-stacktrace>
          </exception> <!-- java.lang.AssertionError -->
          <reporter-output>
          </reporter-output>
        </test-method> <!-- TestSignUp -->
        <test-method status="PASS" signature="quitDriver()[pri:0, instance:com.eBayDDU.SmokeTest.FirstTime_SignIn_Test@6c49835d]" name="quitDriver" is-config="true" duration-ms="0" started-at="2018-05-16T07:28:09Z" finished-at="2018-05-16T07:28:09Z">
          <reporter-output>
          </reporter-output>
        </test-method> <!-- quitDriver -->
      </class> <!-- com.eBayDDU.SmokeTest.FirstTime_SignIn_Test -->
    </test> <!-- SellerManagerSignUP Test -->
  </suite> <!-- eBay DDU Smoke Test Suite -->
</testng-results>
