<?xml version="1.0" encoding="UTF-8"?>
<!-- Generated by org.testng.reporters.JUnitXMLReporter -->
<testsuite hostname="IN-BVJ1T02-10" ignored="0" name="Registration Test" tests="1" failures="0" timestamp="16 May 2018 07:38:55 GMT" time="0.019" errors="0">
  <testcase name="@BeforeTest setup" time="0.002" classname="com.eBay.Base.BaseTest">
    <failure type="java.lang.IllegalStateException" message="The driver executable does not exist: C:\Users\vi016ra\git\eBayDDUAutomation\file:\C:\Users\vi016ra\git\eBayDDUAutomation\target\classes\drivers\chromedriver.exe">
      <![CDATA[java.lang.IllegalStateException: The driver executable does not exist: C:\Users\vi016ra\git\eBayDDUAutomation\file:\C:\Users\vi016ra\git\eBayDDUAutomation\target\classes\drivers\chromedriver.exe
at com.google.common.base.Preconditions.checkState(Preconditions.java:585)
at org.openqa.selenium.remote.service.DriverService.checkExecutable(DriverService.java:136)
at org.openqa.selenium.remote.service.DriverService.findExecutable(DriverService.java:131)
at org.openqa.selenium.chrome.ChromeDriverService.access$000(ChromeDriverService.java:32)
at org.openqa.selenium.chrome.ChromeDriverService$Builder.findDefaultExecutable(ChromeDriverService.java:137)
at org.openqa.selenium.remote.service.DriverService$Builder.build(DriverService.java:339)
at org.openqa.selenium.chrome.ChromeDriverService.createDefaultService(ChromeDriverService.java:88)
at org.openqa.selenium.chrome.ChromeDriver.<init>(ChromeDriver.java:123)
at com.eBay.Base.BaseTest.setup(BaseTest.java:37)
... Removed 24 stack frames]]>
    </failure>
  </testcase> <!-- @BeforeTest setup -->
  <testcase name="@AfterTest quitDriver" time="0.0" classname="com.eBay.Base.BaseTest">
    <skipped/>
  </testcase> <!-- @AfterTest quitDriver -->
  <testcase name="Registration" time="0.0" classname="com.eBayDDU.SmokeTest.Registration_Test">
    <skipped/>
  </testcase> <!-- Registration -->
</testsuite> <!-- Registration Test -->
