<?xml version="1.0" encoding="UTF-8"?>
<!-- Generated by org.testng.reporters.JUnitXMLReporter -->
<testsuite hostname="IN-BVJ1T02-10" ignored="0" name="Registration Test" tests="1" failures="1" timestamp="16 May 2018 07:27:27 GMT" time="41.728" errors="0">
  <testcase name="Registration" time="40.106" classname="com.eBayDDU.SmokeTest.Registration_Test">
    <failure type="java.lang.AssertionError" message="Not able to find the element in Time">
      <![CDATA[java.lang.AssertionError: Not able to find the element in Time
at com.eBay.Base.BasePage.waitForVisibilityOfElement(BasePage.java:35)
at com.eBay.Page.SignInPage.<init>(SignInPage.java:18)
at com.eBayDDU.SmokeTest.Registration_Test.Registration(Registration_Test.java:14)
... Removed 29 stack frames]]>
    </failure>
  </testcase> <!-- Registration -->
</testsuite> <!-- Registration Test -->
